c:\users\katayama\desktop\重泉伶樹\05プログラム\asura2gui\asura2gui\debug\asura2gui.pch
c:\users\katayama\desktop\重泉伶樹\05プログラム\asura2gui\asura2gui\debug\vc142.pdb
c:\users\katayama\desktop\重泉伶樹\05プログラム\asura2gui\asura2gui\debug\vc142.idb
c:\users\katayama\desktop\重泉伶樹\05プログラム\asura2gui\asura2gui\debug\stdafx.obj
c:\users\katayama\desktop\重泉伶樹\05プログラム\asura2gui\asura2gui\debug\matrix.obj
c:\users\katayama\desktop\重泉伶樹\05プログラム\asura2gui\asura2gui\debug\mathgeometry.obj
c:\users\katayama\desktop\重泉伶樹\05プログラム\asura2gui\asura2gui\debug\mainfrm.obj
c:\users\katayama\desktop\重泉伶樹\05プログラム\asura2gui\asura2gui\debug\walkingrobot.obj
c:\users\katayama\desktop\重泉伶樹\05プログラム\asura2gui\asura2gui\debug\leg.obj
c:\users\katayama\desktop\重泉伶樹\05プログラム\asura2gui\asura2gui\debug\asurax.obj
c:\users\katayama\desktop\重泉伶樹\05プログラム\asura2gui\asura2gui\debug\opengltext.obj
c:\users\katayama\desktop\重泉伶樹\05プログラム\asura2gui\asura2gui\debug\openglobject.obj
c:\users\katayama\desktop\重泉伶樹\05プログラム\asura2gui\asura2gui\debug\opengl.obj
c:\users\katayama\desktop\重泉伶樹\05プログラム\asura2gui\asura2gui\debug\cameraview.obj
c:\users\katayama\desktop\重泉伶樹\05プログラム\asura2gui\asura2gui\debug\avimaker.obj
c:\users\katayama\desktop\重泉伶樹\05プログラム\asura2gui\asura2gui\debug\asuragraphic.obj
c:\users\katayama\desktop\重泉伶樹\05プログラム\asura2gui\asura2gui\debug\asuradata.obj
c:\users\katayama\desktop\重泉伶樹\05プログラム\asura2gui\asura2gui\debug\plandata.obj
c:\users\katayama\desktop\重泉伶樹\05プログラム\asura2gui\asura2gui\debug\datahandler.obj
c:\users\katayama\desktop\重泉伶樹\05プログラム\asura2gui\asura2gui\debug\serialport.obj
c:\users\katayama\desktop\重泉伶樹\05プログラム\asura2gui\asura2gui\debug\sciringbuffer.obj
c:\users\katayama\desktop\重泉伶樹\05プログラム\asura2gui\asura2gui\debug\asura2guiview.obj
c:\users\katayama\desktop\重泉伶樹\05プログラム\asura2gui\asura2gui\debug\asura2guidoc.obj
c:\users\katayama\desktop\重泉伶樹\05プログラム\asura2gui\asura2gui\debug\asura2gui.obj
c:\users\katayama\desktop\重泉伶樹\05プログラム\asura2gui\asura2gui\debug\ringbuffer.obj
c:\users\katayama\desktop\重泉伶樹\05プログラム\asura2gui\asura2gui\debug\asc2int.obj
c:\users\katayama\desktop\重泉伶樹\05プログラム\asura2gui\asura2gui\debug\udp.obj
c:\users\katayama\desktop\重泉伶樹\05プログラム\asura2gui\asura2gui\debug\multimediatimer.obj
c:\users\katayama\desktop\重泉伶樹\05プログラム\asura2gui\asura2gui\debug\timedmotionprocedure.obj
c:\users\katayama\desktop\重泉伶樹\05プログラム\asura2gui\asura2gui\debug\console.obj
c:\users\katayama\desktop\重泉伶樹\05プログラム\asura2gui\asura2gui\debug\comlib.obj
c:\users\katayama\desktop\重泉伶樹\05プログラム\asura2gui\asura2gui\debug\tripodgaitplanner.obj
c:\users\katayama\desktop\重泉伶樹\05プログラム\asura2gui\asura2gui\debug\trajectory.obj
c:\users\katayama\desktop\重泉伶樹\05プログラム\asura2gui\asura2gui\debug\legtrajectory.obj
c:\users\katayama\desktop\重泉伶樹\05プログラム\asura2gui\asura2gui\debug\bodytrajectory.obj
c:\users\katayama\desktop\重泉伶樹\05プログラム\asura2gui\asura2gui\debug\timemanager.obj
c:\users\katayama\desktop\重泉伶樹\05プログラム\asura2gui\asura2gui\debug\plannermanager.obj
c:\users\katayama\desktop\重泉伶樹\05プログラム\asura2gui\asura2gui\debug\planner.obj
c:\users\katayama\desktop\重泉伶樹\05プログラム\asura2gui\asura2gui\debug\pch.obj
c:\users\katayama\desktop\重泉伶樹\05プログラム\asura2gui\asura2gui\debug\matrixlibrary.obj
c:\users\katayama\desktop\重泉伶樹\05プログラム\asura2gui\asura2gui\debug\motionplanthread.obj
c:\users\katayama\desktop\重泉伶樹\05プログラム\asura2gui\asura2gui\debug\asuraudpthread.obj
c:\users\katayama\desktop\重泉伶樹\05プログラム\asura2gui\debug\asura2gui.exe
c:\users\katayama\desktop\重泉伶樹\05プログラム\asura2gui\debug\asura2gui.ilk
c:\users\katayama\desktop\重泉伶樹\05プログラム\asura2gui\debug\asura2gui.pdb
c:\users\katayama\desktop\重泉伶樹\05プログラム\asura2gui\asura2gui\debug\asura2gui.res
c:\users\katayama\desktop\重泉伶樹\05プログラム\asura2gui\asura2gui\debug\asuraudpthread.obj.enc
c:\users\katayama\desktop\重泉伶樹\05プログラム\asura2gui\asura2gui\debug\asura2gui.tlog\cl.command.1.tlog
c:\users\katayama\desktop\重泉伶樹\05プログラム\asura2gui\asura2gui\debug\asura2gui.tlog\cl.read.1.tlog
c:\users\katayama\desktop\重泉伶樹\05プログラム\asura2gui\asura2gui\debug\asura2gui.tlog\cl.write.1.tlog
c:\users\katayama\desktop\重泉伶樹\05プログラム\asura2gui\asura2gui\debug\asura2gui.tlog\link.command.1.tlog
c:\users\katayama\desktop\重泉伶樹\05プログラム\asura2gui\asura2gui\debug\asura2gui.tlog\link.read.1.tlog
c:\users\katayama\desktop\重泉伶樹\05プログラム\asura2gui\asura2gui\debug\asura2gui.tlog\link.write.1.tlog
c:\users\katayama\desktop\重泉伶樹\05プログラム\asura2gui\asura2gui\debug\asura2gui.tlog\rc.command.1.tlog
c:\users\katayama\desktop\重泉伶樹\05プログラム\asura2gui\asura2gui\debug\asura2gui.tlog\rc.read.1.tlog
c:\users\katayama\desktop\重泉伶樹\05プログラム\asura2gui\asura2gui\debug\asura2gui.tlog\rc.write.1.tlog
