C:\Program Files (x86)\Microsoft Visual Studio\2019\Community\MSBuild\Microsoft\VC\v160\Microsoft.CppBuild.targets(513,5): warning MSB8028: 中間ディレクトリ (Debug\) に別のプロジェクト (ASURA2GUI.vcxproj, SAURUSGUI.vcxproj) と共有されているファイルが含まれています。これにより、クリーンしてリビルド動作が適切に行われない可能性があります。
  ASURA2GUI.cpp
  ASURA2GUIDoc.cpp
  ASURA2GUIView.cpp
  AsuraData.cpp
  DataHandler.cpp
  PlanData.cpp
  AsuraGraphic.cpp
  AsuraX.cpp
  Leg.cpp
C:\Users\goto\Desktop\VisualStudio\SAURUS2GUI\ASURA2GUI\System\DebugOutput.h(45,3): warning C4996: '_vsnwprintf': This function or variable may be unsafe. Consider using _vsnwprintf_s instead. To disable deprecation, use _CRT_SECURE_NO_WARNINGS. See online help for details.
  WalkingRobot.cpp
C:\Users\goto\Desktop\VisualStudio\SAURUS2GUI\ASURA2GUI\Kinematics\WalkingRobot.cpp(265,13): warning C4101: 'kine': ローカル変数は 1 度も使われていません。
C:\Users\goto\Desktop\VisualStudio\SAURUS2GUI\ASURA2GUI\Kinematics\WalkingRobot.cpp(274,13): warning C4101: 'kine': ローカル変数は 1 度も使われていません。
  Planner.cpp
  PlannerManager.cpp
  TripodGaitPlanner.cpp
  コードを生成中...
  MotionPlanThread.cpp
  AsuraUDPThread.cpp
  ASURA2GUI.vcxproj -> C:\Users\goto\Desktop\VisualStudio\SAURUS2GUI\Debug\ASURAGUI.exe
